# JRE version: OpenJDK Runtime Environment Temurin-17.0.7+7 (17.0.7+7) (build 17.0.7+7)
# Java VM: OpenJDK 64-Bit Server VM Temurin-17.0.7+7 (17.0.7+7, mixed mode, emulated-client, tiered, compressed oops, compressed class ptrs, g1 gc, windows-amd64)
GC Precious Log:
 CPUs: 12 total, 12 available
 Memory: 8013M
 Large Page Support: Disabled
 NUMA Support: Disabled
 Compressed Oops: Enabled (32-bit)
 Heap Region Size: 1M
 Heap Min Capacity: 8M
 Heap Initial Capacity: 126M
 Heap Max Capacity: 1G
 Pre-touch: Disabled
 Parallel Workers: 10
 Concurrent Workers: 3
 Concurrent Refinement Workers: 10
 Periodic GC: Disabled
Heap:
 garbage-first heap   total 176128K, used 85003K [0x00000000c0000000, 0x0000000100000000)
  region size 1024K, 5 young (5120K), 5 survivors (5120K)
 Metaspace       used 42547K, committed 42944K, reserved 1114112K
  class space    used 5431K, committed 5632K, reserved 1048576K
GC Heap History (20 events):
Event: 9.772 GC heap after
{Heap after GC invocations=12 (full 0):
 garbage-first heap   total 66560K, used 29825K [0x00000000c0000000, 0x0000000100000000)
  region size 1024K, 4 young (4096K), 4 survivors (4096K)
 Metaspace       used 38768K, committed 39168K, reserved 1114112K
  class space    used 5072K, committed 5248K, reserved 1048576K
}
Event: 9.807 GC heap before
{Heap before GC invocations=12 (full 0):
 garbage-first heap   total 66560K, used 46209K [0x00000000c0000000, 0x0000000100000000)
  region size 1024K, 21 young (21504K), 4 survivors (4096K)
 Metaspace       used 38848K, committed 39232K, reserved 1114112K
  class space    used 5086K, committed 5248K, reserved 1048576K
}
Event: 9.811 GC heap after
{Heap after GC invocations=13 (full 0):
 garbage-first heap   total 66560K, used 32645K [0x00000000c0000000, 0x0000000100000000)
  region size 1024K, 3 young (3072K), 3 survivors (3072K)
 Metaspace       used 38848K, committed 39232K, reserved 1114112K
  class space    used 5086K, committed 5248K, reserved 1048576K
}
Event: 9.846 GC heap before
{Heap before GC invocations=13 (full 0):
 garbage-first heap   total 66560K, used 48005K [0x00000000c0000000, 0x0000000100000000)
  region size 1024K, 19 young (19456K), 3 survivors (3072K)
 Metaspace       used 38994K, committed 39360K, reserved 1114112K
  class space    used 5115K, committed 5248K, reserved 1048576K
}
Event: 9.849 GC heap after
{Heap after GC invocations=14 (full 0):
 garbage-first heap   total 66560K, used 35973K [0x00000000c0000000, 0x0000000100000000)
  region size 1024K, 3 young (3072K), 3 survivors (3072K)
 Metaspace       used 38994K, committed 39360K, reserved 1114112K
  class space    used 5115K, committed 5248K, reserved 1048576K
}
Event: 9.893 GC heap before
{Heap before GC invocations=15 (full 0):
 garbage-first heap   total 73728K, used 48261K [0x00000000c0000000, 0x0000000100000000)
  region size 1024K, 16 young (16384K), 3 survivors (3072K)
 Metaspace       used 39160K, committed 39616K, reserved 1114112K
  class space    used 5145K, committed 5376K, reserved 1048576K
}
Event: 9.896 GC heap after
{Heap after GC invocations=16 (full 0):
 garbage-first heap   total 73728K, used 38555K [0x00000000c0000000, 0x0000000100000000)
  region size 1024K, 2 young (2048K), 2 survivors (2048K)
 Metaspace       used 39160K, committed 39616K, reserved 1114112K
  class space    used 5145K, committed 5376K, reserved 1048576K
}
Event: 9.898 GC heap before
{Heap before GC invocations=16 (full 0):
 garbage-first heap   total 73728K, used 39579K [0x00000000c0000000, 0x0000000100000000)
  region size 1024K, 3 young (3072K), 2 survivors (2048K)
 Metaspace       used 39180K, committed 39616K, reserved 1114112K
  class space    used 5147K, committed 5376K, reserved 1048576K
}
Event: 9.899 GC heap after
{Heap after GC invocations=17 (full 0):
 garbage-first heap   total 73728K, used 39205K [0x00000000c0000000, 0x0000000100000000)
  region size 1024K, 1 young (1024K), 1 survivors (1024K)
 Metaspace       used 39180K, committed 39616K, reserved 1114112K
  class space    used 5147K, committed 5376K, reserved 1048576K
}
Event: 9.926 GC heap before
{Heap before GC invocations=17 (full 0):
 garbage-first heap   total 73728K, used 55589K [0x00000000c0000000, 0x0000000100000000)
  region size 1024K, 17 young (17408K), 1 survivors (1024K)
 Metaspace       used 39226K, committed 39744K, reserved 1114112K
  class space    used 5157K, committed 5376K, reserved 1048576K
}
Event: 9.928 GC heap after
{Heap after GC invocations=18 (full 0):
 garbage-first heap   total 176128K, used 41824K [0x00000000c0000000, 0x0000000100000000)
  region size 1024K, 3 young (3072K), 3 survivors (3072K)
 Metaspace       used 39226K, committed 39744K, reserved 1114112K
  class space    used 5157K, committed 5376K, reserved 1048576K
}
Event: 10.228 GC heap before
{Heap before GC invocations=19 (full 0):
 garbage-first heap   total 174080K, used 124768K [0x00000000c0000000, 0x0000000100000000)
  region size 1024K, 84 young (86016K), 3 survivors (3072K)
 Metaspace       used 41748K, committed 42240K, reserved 1114112K
  class space    used 5337K, committed 5568K, reserved 1048576K
}
Event: 10.244 GC heap after
{Heap after GC invocations=20 (full 0):
 garbage-first heap   total 174080K, used 62502K [0x00000000c0000000, 0x0000000100000000)
  region size 1024K, 11 young (11264K), 11 survivors (11264K)
 Metaspace       used 41748K, committed 42240K, reserved 1114112K
  class space    used 5337K, committed 5568K, reserved 1048576K
}
Event: 10.247 GC heap before
{Heap before GC invocations=20 (full 0):
 garbage-first heap   total 174080K, used 63526K [0x00000000c0000000, 0x0000000100000000)
  region size 1024K, 12 young (12288K), 11 survivors (11264K)
 Metaspace       used 41782K, committed 42240K, reserved 1114112K
  class space    used 5341K, committed 5568K, reserved 1048576K
}
Event: 10.254 GC heap after
{Heap after GC invocations=21 (full 0):
 garbage-first heap   total 174080K, used 65307K [0x00000000c0000000, 0x0000000100000000)
  region size 1024K, 2 young (2048K), 2 survivors (2048K)
 Metaspace       used 41782K, committed 42240K, reserved 1114112K
  class space    used 5341K, committed 5568K, reserved 1048576K
}
Event: 10.341 GC heap before
{Heap before GC invocations=21 (full 0):
 garbage-first heap   total 174080K, used 119579K [0x00000000c0000000, 0x0000000100000000)
  region size 1024K, 55 young (56320K), 2 survivors (2048K)
 Metaspace       used 42344K, committed 42816K, reserved 1114112K
  class space    used 5415K, committed 5632K, reserved 1048576K
}
Event: 10.365 GC heap after
{Heap after GC invocations=22 (full 0):
 garbage-first heap   total 174080K, used 80088K [0x00000000c0000000, 0x0000000100000000)
  region size 1024K, 7 young (7168K), 7 survivors (7168K)
 Metaspace       used 42344K, committed 42816K, reserved 1114112K
  class space    used 5415K, committed 5632K, reserved 1048576K
}
Event: 10.377 GC heap before
{Heap before GC invocations=22 (full 0):
 garbage-first heap   total 174080K, used 122072K [0x00000000c0000000, 0x0000000100000000)
  region size 1024K, 49 young (50176K), 7 survivors (7168K)
 Metaspace       used 42405K, committed 42816K, reserved 1114112K
  class space    used 5423K, committed 5632K, reserved 1048576K
}
Event: 10.382 GC heap after
{Heap after GC invocations=23 (full 0):
 garbage-first heap   total 174080K, used 83318K [0x00000000c0000000, 0x0000000100000000)
  region size 1024K, 3 young (3072K), 3 survivors (3072K)
 Metaspace       used 42405K, committed 42816K, reserved 1114112K
  class space    used 5423K, committed 5632K, reserved 1048576K
}
Event: 10.394 GC heap before
{Heap before GC invocations=23 (full 0):
 garbage-first heap   total 174080K, used 129398K [0x00000000c0000000, 0x0000000100000000)
  region size 1024K, 49 young (50176K), 3 survivors (3072K)
 Metaspace       used 42547K, committed 42944K, reserved 1114112K
  class space    used 5431K, committed 5632K, reserved 1048576K
}

