# JRE version: OpenJDK Runtime Environment Temurin-17.0.7+7 (17.0.7+7) (build 17.0.7+7)
# Java VM: OpenJDK 64-Bit Server VM Temurin-17.0.7+7 (17.0.7+7, mixed mode, tiered, compressed oops, compressed class ptrs, g1 gc, windows-amd64)
GC Precious Log:
 CPUs: 12 total, 12 available
 Memory: 8013M
 Large Page Support: Disabled
 NUMA Support: Disabled
 Compressed Oops: Enabled (32-bit)
 Heap Region Size: 1M
 Heap Min Capacity: 8M
 Heap Initial Capacity: 126M
 Heap Max Capacity: 2004M
 Pre-touch: Disabled
 Parallel Workers: 10
 Concurrent Workers: 3
 Concurrent Refinement Workers: 10
 Periodic GC: Disabled
Heap:
 garbage-first heap   total 63488K, used 43855K [0x0000000082c00000, 0x0000000100000000)
  region size 1024K, 13 young (13312K), 2 survivors (2048K)
 Metaspace       used 72568K, committed 73152K, reserved 1114112K
  class space    used 9593K, committed 9856K, reserved 1048576K
GC Heap History (20 events):
Event: 5.146 GC heap before
{Heap before GC invocations=16 (full 0):
 garbage-first heap   total 52224K, used 39522K [0x0000000082c00000, 0x0000000100000000)
  region size 1024K, 19 young (19456K), 3 survivors (3072K)
 Metaspace       used 52120K, committed 52608K, reserved 1114112K
  class space    used 6585K, committed 6784K, reserved 1048576K
}
Event: 5.150 GC heap after
{Heap after GC invocations=17 (full 0):
 garbage-first heap   total 52224K, used 24549K [0x0000000082c00000, 0x0000000100000000)
  region size 1024K, 3 young (3072K), 3 survivors (3072K)
 Metaspace       used 52120K, committed 52608K, reserved 1114112K
  class space    used 6585K, committed 6784K, reserved 1048576K
}
Event: 5.499 GC heap before
{Heap before GC invocations=17 (full 0):
 garbage-first heap   total 52224K, used 39909K [0x0000000082c00000, 0x0000000100000000)
  region size 1024K, 19 young (19456K), 3 survivors (3072K)
 Metaspace       used 57140K, committed 57600K, reserved 1114112K
  class space    used 7461K, committed 7680K, reserved 1048576K
}
Event: 5.501 GC heap after
{Heap after GC invocations=18 (full 0):
 garbage-first heap   total 52224K, used 25207K [0x0000000082c00000, 0x0000000100000000)
  region size 1024K, 3 young (3072K), 3 survivors (3072K)
 Metaspace       used 57140K, committed 57600K, reserved 1114112K
  class space    used 7461K, committed 7680K, reserved 1048576K
}
Event: 5.680 GC heap before
{Heap before GC invocations=18 (full 0):
 garbage-first heap   total 52224K, used 40567K [0x0000000082c00000, 0x0000000100000000)
  region size 1024K, 18 young (18432K), 3 survivors (3072K)
 Metaspace       used 58159K, committed 58624K, reserved 1114112K
  class space    used 7589K, committed 7808K, reserved 1048576K
}
Event: 5.683 GC heap after
{Heap after GC invocations=19 (full 0):
 garbage-first heap   total 52224K, used 25685K [0x0000000082c00000, 0x0000000100000000)
  region size 1024K, 2 young (2048K), 2 survivors (2048K)
 Metaspace       used 58159K, committed 58624K, reserved 1114112K
  class space    used 7589K, committed 7808K, reserved 1048576K
}
Event: 5.895 GC heap before
{Heap before GC invocations=20 (full 0):
 garbage-first heap   total 52224K, used 41045K [0x0000000082c00000, 0x0000000100000000)
  region size 1024K, 18 young (18432K), 2 survivors (2048K)
 Metaspace       used 59823K, committed 60288K, reserved 1114112K
  class space    used 7853K, committed 8064K, reserved 1048576K
}
Event: 5.897 GC heap after
{Heap after GC invocations=21 (full 0):
 garbage-first heap   total 52224K, used 26018K [0x0000000082c00000, 0x0000000100000000)
  region size 1024K, 2 young (2048K), 2 survivors (2048K)
 Metaspace       used 59823K, committed 60288K, reserved 1114112K
  class space    used 7853K, committed 8064K, reserved 1048576K
}
Event: 7.337 GC heap before
{Heap before GC invocations=21 (full 0):
 garbage-first heap   total 52224K, used 41378K [0x0000000082c00000, 0x0000000100000000)
  region size 1024K, 18 young (18432K), 2 survivors (2048K)
 Metaspace       used 63138K, committed 63680K, reserved 1114112K
  class space    used 8300K, committed 8576K, reserved 1048576K
}
Event: 7.340 GC heap after
{Heap after GC invocations=22 (full 0):
 garbage-first heap   total 52224K, used 27654K [0x0000000082c00000, 0x0000000100000000)
  region size 1024K, 3 young (3072K), 3 survivors (3072K)
 Metaspace       used 63138K, committed 63680K, reserved 1114112K
  class space    used 8300K, committed 8576K, reserved 1048576K
}
Event: 7.536 GC heap before
{Heap before GC invocations=23 (full 0):
 garbage-first heap   total 52224K, used 40966K [0x0000000082c00000, 0x0000000100000000)
  region size 1024K, 16 young (16384K), 3 survivors (3072K)
 Metaspace       used 64843K, committed 65408K, reserved 1114112K
  class space    used 8572K, committed 8832K, reserved 1048576K
}
Event: 7.539 GC heap after
{Heap after GC invocations=24 (full 0):
 garbage-first heap   total 63488K, used 28750K [0x0000000082c00000, 0x0000000100000000)
  region size 1024K, 2 young (2048K), 2 survivors (2048K)
 Metaspace       used 64843K, committed 65408K, reserved 1114112K
  class space    used 8572K, committed 8832K, reserved 1048576K
}
Event: 7.774 GC heap before
{Heap before GC invocations=24 (full 0):
 garbage-first heap   total 63488K, used 51278K [0x0000000082c00000, 0x0000000100000000)
  region size 1024K, 24 young (24576K), 2 survivors (2048K)
 Metaspace       used 66052K, committed 66624K, reserved 1114112K
  class space    used 8709K, committed 8960K, reserved 1048576K
}
Event: 7.776 GC heap after
{Heap after GC invocations=25 (full 0):
 garbage-first heap   total 63488K, used 29870K [0x0000000082c00000, 0x0000000100000000)
  region size 1024K, 3 young (3072K), 3 survivors (3072K)
 Metaspace       used 66052K, committed 66624K, reserved 1114112K
  class space    used 8709K, committed 8960K, reserved 1048576K
}
Event: 7.926 GC heap before
{Heap before GC invocations=25 (full 0):
 garbage-first heap   total 63488K, used 51374K [0x0000000082c00000, 0x0000000100000000)
  region size 1024K, 24 young (24576K), 3 survivors (3072K)
 Metaspace       used 66590K, committed 67136K, reserved 1114112K
  class space    used 8764K, committed 9024K, reserved 1048576K
}
Event: 7.929 GC heap after
{Heap after GC invocations=26 (full 0):
 garbage-first heap   total 63488K, used 30575K [0x0000000082c00000, 0x0000000100000000)
  region size 1024K, 3 young (3072K), 3 survivors (3072K)
 Metaspace       used 66590K, committed 67136K, reserved 1114112K
  class space    used 8764K, committed 9024K, reserved 1048576K
}
Event: 8.311 GC heap before
{Heap before GC invocations=26 (full 0):
 garbage-first heap   total 63488K, used 51055K [0x0000000082c00000, 0x0000000100000000)
  region size 1024K, 23 young (23552K), 3 survivors (3072K)
 Metaspace       used 69642K, committed 70208K, reserved 1114112K
  class space    used 9191K, committed 9408K, reserved 1048576K
}
Event: 8.314 GC heap after
{Heap after GC invocations=27 (full 0):
 garbage-first heap   total 63488K, used 32240K [0x0000000082c00000, 0x0000000100000000)
  region size 1024K, 3 young (3072K), 3 survivors (3072K)
 Metaspace       used 69642K, committed 70208K, reserved 1114112K
  class space    used 9191K, committed 9408K, reserved 1048576K
}
Event: 8.609 GC heap before
{Heap before GC invocations=28 (full 0):
 garbage-first heap   total 63488K, used 50672K [0x0000000082c00000, 0x0000000100000000)
  region size 1024K, 21 young (21504K), 3 survivors (3072K)
 Metaspace       used 71481K, committed 72000K, reserved 1114112K
  class space    used 9429K, committed 9664K, reserved 1048576K
}
Event: 8.613 GC heap after
{Heap after GC invocations=29 (full 0):
 garbage-first heap   total 63488K, used 33615K [0x0000000082c00000, 0x0000000100000000)
  region size 1024K, 2 young (2048K), 2 survivors (2048K)
 Metaspace       used 71481K, committed 72000K, reserved 1114112K
  class space    used 9429K, committed 9664K, reserved 1048576K
}

